{"/Users/fernandodelgadocasariego/Desktop/Repo Eudald backend/picturest-node/src/config.js": {"path":"/Users/fernandodelgadocasariego/Desktop/Repo Eudald backend/picturest-node/src/config.js","statementMap":{"0":{"start":{"line":1,"column":19},"end":{"line":6,"column":1}},"1":{"start":{"line":8,"column":0},"end":{"line":8,"column":28}}},"fnMap":{},"branchMap":{},"s":{"0":2,"1":2},"f":{},"b":{},"_coverageSchema":"1a1c01bbd47fc00a2c39e90264f33305004495a9","hash":"88ea0595d539e915368536f956831d4cb5c3eac3"}
,"/Users/fernandodelgadocasariego/Desktop/Repo Eudald backend/picturest-node/src/server.js": {"path":"/Users/fernandodelgadocasariego/Desktop/Repo Eudald backend/picturest-node/src/server.js","statementMap":{"0":{"start":{"line":1,"column":16},"end":{"line":1,"column":34}},"1":{"start":{"line":2,"column":29},"end":{"line":2,"column":51}},"2":{"start":{"line":3,"column":15},"end":{"line":3,"column":32}},"3":{"start":{"line":4,"column":15},"end":{"line":4,"column":37}},"4":{"start":{"line":5,"column":13},"end":{"line":5,"column":28}},"5":{"start":{"line":6,"column":19},"end":{"line":6,"column":58}},"6":{"start":{"line":7,"column":19},"end":{"line":7,"column":58}},"7":{"start":{"line":8,"column":20},"end":{"line":8,"column":61}},"8":{"start":{"line":9,"column":21},"end":{"line":9,"column":64}},"9":{"start":{"line":10,"column":12},"end":{"line":10,"column":34}},"10":{"start":{"line":11,"column":15},"end":{"line":11,"column":32}},"11":{"start":{"line":14,"column":0},"end":{"line":14,"column":16}},"12":{"start":{"line":15,"column":12},"end":{"line":15,"column":21}},"13":{"start":{"line":17,"column":0},"end":{"line":17,"column":16}},"14":{"start":{"line":18,"column":0},"end":{"line":18,"column":16}},"15":{"start":{"line":19,"column":0},"end":{"line":19,"column":40}},"16":{"start":{"line":20,"column":0},"end":{"line":20,"column":23}},"17":{"start":{"line":21,"column":0},"end":{"line":21,"column":28}},"18":{"start":{"line":23,"column":0},"end":{"line":23,"column":25}},"19":{"start":{"line":24,"column":0},"end":{"line":24,"column":33}},"20":{"start":{"line":25,"column":0},"end":{"line":25,"column":35}},"21":{"start":{"line":26,"column":0},"end":{"line":26,"column":37}},"22":{"start":{"line":27,"column":0},"end":{"line":29,"column":3}},"23":{"start":{"line":28,"column":2},"end":{"line":28,"column":47}},"24":{"start":{"line":32,"column":0},"end":{"line":34,"column":3}},"25":{"start":{"line":33,"column":2},"end":{"line":33,"column":24}},"26":{"start":{"line":36,"column":14},"end":{"line":44,"column":1}},"27":{"start":{"line":37,"column":2},"end":{"line":43,"column":3}},"28":{"start":{"line":38,"column":4},"end":{"line":40,"column":7}},"29":{"start":{"line":39,"column":6},"end":{"line":39,"column":69}},"30":{"start":{"line":42,"column":4},"end":{"line":42,"column":21}},"31":{"start":{"line":46,"column":0},"end":{"line":49,"column":2}}},"fnMap":{"0":{"name":"(anonymous_0)","decl":{"start":{"line":27,"column":24},"end":{"line":27,"column":25}},"loc":{"start":{"line":27,"column":38},"end":{"line":29,"column":1}},"line":27},"1":{"name":"(anonymous_1)","decl":{"start":{"line":32,"column":90},"end":{"line":32,"column":91}},"loc":{"start":{"line":32,"column":104},"end":{"line":34,"column":1}},"line":32},"2":{"name":"(anonymous_2)","decl":{"start":{"line":36,"column":14},"end":{"line":36,"column":15}},"loc":{"start":{"line":36,"column":26},"end":{"line":44,"column":1}},"line":36},"3":{"name":"(anonymous_3)","decl":{"start":{"line":38,"column":28},"end":{"line":38,"column":29}},"loc":{"start":{"line":38,"column":34},"end":{"line":40,"column":5}},"line":38}},"branchMap":{},"s":{"0":2,"1":2,"2":2,"3":2,"4":2,"5":2,"6":2,"7":2,"8":2,"9":2,"10":2,"11":2,"12":2,"13":2,"14":2,"15":2,"16":2,"17":2,"18":2,"19":2,"20":2,"21":2,"22":2,"23":1,"24":2,"25":0,"26":2,"27":0,"28":0,"29":0,"30":0,"31":2},"f":{"0":1,"1":0,"2":0,"3":0},"b":{},"_coverageSchema":"1a1c01bbd47fc00a2c39e90264f33305004495a9","hash":"40734a06e167fcddb406da4d96c2630d9f942280"}
,"/Users/fernandodelgadocasariego/Desktop/Repo Eudald backend/picturest-node/src/resources/auth/auth.controller.js": {"path":"/Users/fernandodelgadocasariego/Desktop/Repo Eudald backend/picturest-node/src/resources/auth/auth.controller.js","statementMap":{"0":{"start":{"line":1,"column":17},"end":{"line":1,"column":48}},"1":{"start":{"line":2,"column":11},"end":{"line":2,"column":41}},"2":{"start":{"line":3,"column":12},"end":{"line":3,"column":35}},"3":{"start":{"line":5,"column":14},"end":{"line":16,"column":1}},"4":{"start":{"line":6,"column":32},"end":{"line":6,"column":40}},"5":{"start":{"line":7,"column":17},"end":{"line":7,"column":92}},"6":{"start":{"line":7,"column":38},"end":{"line":7,"column":89}},"7":{"start":{"line":8,"column":4},"end":{"line":15,"column":5}},"8":{"start":{"line":10,"column":20},"end":{"line":10,"column":85}},"9":{"start":{"line":11,"column":6},"end":{"line":11,"column":22}},"10":{"start":{"line":14,"column":6},"end":{"line":14,"column":61}},"11":{"start":{"line":18,"column":0},"end":{"line":20,"column":2}}},"fnMap":{"0":{"name":"(anonymous_0)","decl":{"start":{"line":5,"column":14},"end":{"line":5,"column":15}},"loc":{"start":{"line":5,"column":28},"end":{"line":16,"column":1}},"line":5},"1":{"name":"(anonymous_1)","decl":{"start":{"line":7,"column":31},"end":{"line":7,"column":32}},"loc":{"start":{"line":7,"column":36},"end":{"line":7,"column":90}},"line":7}},"branchMap":{"0":{"loc":{"start":{"line":7,"column":45},"end":{"line":7,"column":89}},"type":"binary-expr","locations":[{"start":{"line":7,"column":45},"end":{"line":7,"column":62}},{"start":{"line":7,"column":66},"end":{"line":7,"column":89}}],"line":7},"1":{"loc":{"start":{"line":8,"column":4},"end":{"line":15,"column":5}},"type":"if","locations":[{"start":{"line":8,"column":4},"end":{"line":15,"column":5}},{"start":{"line":8,"column":4},"end":{"line":15,"column":5}}],"line":8}},"s":{"0":2,"1":2,"2":2,"3":2,"4":2,"5":2,"6":0,"7":0,"8":0,"9":0,"10":0,"11":2},"f":{"0":2,"1":0},"b":{"0":[0,0],"1":[0,0]},"_coverageSchema":"1a1c01bbd47fc00a2c39e90264f33305004495a9","hash":"323d0970084a4e6bf4d26bb941600eb1bb016cb9"}
,"/Users/fernandodelgadocasariego/Desktop/Repo Eudald backend/picturest-node/src/resources/auth/auth.router.js": {"path":"/Users/fernandodelgadocasariego/Desktop/Repo Eudald backend/picturest-node/src/resources/auth/auth.router.js","statementMap":{"0":{"start":{"line":1,"column":19},"end":{"line":1,"column":37}},"1":{"start":{"line":2,"column":23},"end":{"line":2,"column":51}},"2":{"start":{"line":3,"column":15},"end":{"line":3,"column":23}},"3":{"start":{"line":5,"column":0},"end":{"line":5,"column":50}},"4":{"start":{"line":7,"column":0},"end":{"line":7,"column":24}}},"fnMap":{},"branchMap":{},"s":{"0":2,"1":2,"2":2,"3":2,"4":2},"f":{},"b":{},"_coverageSchema":"1a1c01bbd47fc00a2c39e90264f33305004495a9","hash":"ac63559e745a73f4d3ee5876bde37cfa809c6b56"}
,"/Users/fernandodelgadocasariego/Desktop/Repo Eudald backend/picturest-node/src/resources/boards/boards.controller.js": {"path":"/Users/fernandodelgadocasariego/Desktop/Repo Eudald backend/picturest-node/src/resources/boards/boards.controller.js","statementMap":{"0":{"start":{"line":1,"column":17},"end":{"line":1,"column":48}},"1":{"start":{"line":2,"column":11},"end":{"line":2,"column":42}},"2":{"start":{"line":4,"column":15},"end":{"line":4,"column":44}},"3":{"start":{"line":10,"column":26},"end":{"line":25,"column":1}},"4":{"start":{"line":11,"column":15},"end":{"line":11,"column":27}},"5":{"start":{"line":13,"column":35},"end":{"line":23,"column":4}},"6":{"start":{"line":15,"column":27},"end":{"line":15,"column":71}},"7":{"start":{"line":15,"column":48},"end":{"line":15,"column":70}},"8":{"start":{"line":16,"column":4},"end":{"line":22,"column":6}},"9":{"start":{"line":24,"column":2},"end":{"line":24,"column":34}},"10":{"start":{"line":27,"column":15},"end":{"line":31,"column":1}},"11":{"start":{"line":28,"column":17},"end":{"line":28,"column":25}},"12":{"start":{"line":29,"column":35},"end":{"line":29,"column":60}},"13":{"start":{"line":30,"column":2},"end":{"line":30,"column":56}},"14":{"start":{"line":36,"column":21},"end":{"line":42,"column":1}},"15":{"start":{"line":37,"column":17},"end":{"line":37,"column":25}},"16":{"start":{"line":39,"column":17},"end":{"line":39,"column":44}},"17":{"start":{"line":40,"column":25},"end":{"line":40,"column":74}},"18":{"start":{"line":40,"column":50},"end":{"line":40,"column":73}},"19":{"start":{"line":41,"column":2},"end":{"line":41,"column":46}},"20":{"start":{"line":44,"column":15},"end":{"line":50,"column":1}},"21":{"start":{"line":45,"column":16},"end":{"line":45,"column":37}},"22":{"start":{"line":46,"column":2},"end":{"line":48,"column":3}},"23":{"start":{"line":47,"column":4},"end":{"line":47,"column":39}},"24":{"start":{"line":49,"column":2},"end":{"line":49,"column":31}},"25":{"start":{"line":52,"column":15},"end":{"line":56,"column":1}},"26":{"start":{"line":53,"column":19},"end":{"line":53,"column":27}},"27":{"start":{"line":54,"column":24},"end":{"line":54,"column":43}},"28":{"start":{"line":55,"column":2},"end":{"line":55,"column":45}},"29":{"start":{"line":58,"column":15},"end":{"line":62,"column":1}},"30":{"start":{"line":59,"column":23},"end":{"line":59,"column":31}},"31":{"start":{"line":60,"column":24},"end":{"line":60,"column":62}},"32":{"start":{"line":61,"column":2},"end":{"line":61,"column":45}},"33":{"start":{"line":64,"column":15},"end":{"line":67,"column":1}},"34":{"start":{"line":65,"column":34},"end":{"line":65,"column":58}},"35":{"start":{"line":66,"column":2},"end":{"line":66,"column":55}},"36":{"start":{"line":69,"column":0},"end":{"line":76,"column":2}}},"fnMap":{"0":{"name":"(anonymous_0)","decl":{"start":{"line":10,"column":26},"end":{"line":10,"column":27}},"loc":{"start":{"line":10,"column":38},"end":{"line":25,"column":1}},"line":10},"1":{"name":"(anonymous_1)","decl":{"start":{"line":13,"column":46},"end":{"line":13,"column":47}},"loc":{"start":{"line":13,"column":57},"end":{"line":23,"column":3}},"line":13},"2":{"name":"(anonymous_2)","decl":{"start":{"line":15,"column":39},"end":{"line":15,"column":40}},"loc":{"start":{"line":15,"column":48},"end":{"line":15,"column":70}},"line":15},"3":{"name":"(anonymous_3)","decl":{"start":{"line":27,"column":15},"end":{"line":27,"column":16}},"loc":{"start":{"line":27,"column":29},"end":{"line":31,"column":1}},"line":27},"4":{"name":"(anonymous_4)","decl":{"start":{"line":36,"column":21},"end":{"line":36,"column":22}},"loc":{"start":{"line":36,"column":35},"end":{"line":42,"column":1}},"line":36},"5":{"name":"(anonymous_5)","decl":{"start":{"line":40,"column":39},"end":{"line":40,"column":40}},"loc":{"start":{"line":40,"column":50},"end":{"line":40,"column":73}},"line":40},"6":{"name":"(anonymous_6)","decl":{"start":{"line":44,"column":15},"end":{"line":44,"column":16}},"loc":{"start":{"line":44,"column":29},"end":{"line":50,"column":1}},"line":44},"7":{"name":"(anonymous_7)","decl":{"start":{"line":52,"column":15},"end":{"line":52,"column":16}},"loc":{"start":{"line":52,"column":29},"end":{"line":56,"column":1}},"line":52},"8":{"name":"(anonymous_8)","decl":{"start":{"line":58,"column":15},"end":{"line":58,"column":16}},"loc":{"start":{"line":58,"column":29},"end":{"line":62,"column":1}},"line":58},"9":{"name":"(anonymous_9)","decl":{"start":{"line":64,"column":15},"end":{"line":64,"column":16}},"loc":{"start":{"line":64,"column":29},"end":{"line":67,"column":1}},"line":64}},"branchMap":{"0":{"loc":{"start":{"line":46,"column":2},"end":{"line":48,"column":3}},"type":"if","locations":[{"start":{"line":46,"column":2},"end":{"line":48,"column":3}},{"start":{"line":46,"column":2},"end":{"line":48,"column":3}}],"line":46}},"s":{"0":2,"1":2,"2":2,"3":2,"4":0,"5":0,"6":0,"7":0,"8":0,"9":0,"10":2,"11":0,"12":0,"13":0,"14":2,"15":0,"16":0,"17":0,"18":0,"19":0,"20":2,"21":0,"22":0,"23":0,"24":0,"25":2,"26":0,"27":0,"28":0,"29":2,"30":0,"31":0,"32":0,"33":2,"34":0,"35":0,"36":2},"f":{"0":0,"1":0,"2":0,"3":0,"4":0,"5":0,"6":0,"7":0,"8":0,"9":0},"b":{"0":[0,0]},"_coverageSchema":"1a1c01bbd47fc00a2c39e90264f33305004495a9","hash":"e61f3b48dd23b80656661246e708a48af6269fb9"}
,"/Users/fernandodelgadocasariego/Desktop/Repo Eudald backend/picturest-node/src/resources/boards/boards.router.js": {"path":"/Users/fernandodelgadocasariego/Desktop/Repo Eudald backend/picturest-node/src/resources/boards/boards.router.js","statementMap":{"0":{"start":{"line":1,"column":19},"end":{"line":1,"column":37}},"1":{"start":{"line":2,"column":25},"end":{"line":2,"column":55}},"2":{"start":{"line":3,"column":15},"end":{"line":3,"column":23}},"3":{"start":{"line":5,"column":0},"end":{"line":5,"column":77}},"4":{"start":{"line":7,"column":0},"end":{"line":11,"column":35}},"5":{"start":{"line":13,"column":0},"end":{"line":13,"column":24}}},"fnMap":{},"branchMap":{},"s":{"0":2,"1":2,"2":2,"3":2,"4":2,"5":2},"f":{},"b":{},"_coverageSchema":"1a1c01bbd47fc00a2c39e90264f33305004495a9","hash":"096daf87c66b95bf2a0b558b1ed9ec07a2c3af2b"}
,"/Users/fernandodelgadocasariego/Desktop/Repo Eudald backend/picturest-node/src/resources/pins/pins.controller.js": {"path":"/Users/fernandodelgadocasariego/Desktop/Repo Eudald backend/picturest-node/src/resources/pins/pins.controller.js","statementMap":{"0":{"start":{"line":1,"column":17},"end":{"line":1,"column":48}},"1":{"start":{"line":2,"column":11},"end":{"line":2,"column":40}},"2":{"start":{"line":4,"column":15},"end":{"line":7,"column":1}},"3":{"start":{"line":5,"column":15},"end":{"line":5,"column":23}},"4":{"start":{"line":6,"column":2},"end":{"line":6,"column":36}},"5":{"start":{"line":9,"column":15},"end":{"line":15,"column":1}},"6":{"start":{"line":10,"column":14},"end":{"line":10,"column":35}},"7":{"start":{"line":11,"column":2},"end":{"line":13,"column":3}},"8":{"start":{"line":12,"column":4},"end":{"line":12,"column":37}},"9":{"start":{"line":14,"column":2},"end":{"line":14,"column":31}},"10":{"start":{"line":20,"column":21},"end":{"line":26,"column":1}},"11":{"start":{"line":21,"column":15},"end":{"line":21,"column":23}},"12":{"start":{"line":23,"column":17},"end":{"line":23,"column":44}},"13":{"start":{"line":24,"column":23},"end":{"line":24,"column":66}},"14":{"start":{"line":24,"column":44},"end":{"line":24,"column":65}},"15":{"start":{"line":25,"column":2},"end":{"line":25,"column":44}},"16":{"start":{"line":28,"column":15},"end":{"line":32,"column":1}},"17":{"start":{"line":29,"column":17},"end":{"line":29,"column":25}},"18":{"start":{"line":30,"column":22},"end":{"line":30,"column":39}},"19":{"start":{"line":31,"column":2},"end":{"line":31,"column":43}},"20":{"start":{"line":34,"column":15},"end":{"line":38,"column":1}},"21":{"start":{"line":35,"column":21},"end":{"line":35,"column":29}},"22":{"start":{"line":36,"column":22},"end":{"line":36,"column":58}},"23":{"start":{"line":37,"column":2},"end":{"line":37,"column":43}},"24":{"start":{"line":40,"column":15},"end":{"line":43,"column":1}},"25":{"start":{"line":41,"column":32},"end":{"line":41,"column":56}},"26":{"start":{"line":42,"column":2},"end":{"line":42,"column":53}},"27":{"start":{"line":45,"column":0},"end":{"line":52,"column":2}}},"fnMap":{"0":{"name":"(anonymous_0)","decl":{"start":{"line":4,"column":15},"end":{"line":4,"column":16}},"loc":{"start":{"line":4,"column":29},"end":{"line":7,"column":1}},"line":4},"1":{"name":"(anonymous_1)","decl":{"start":{"line":9,"column":15},"end":{"line":9,"column":16}},"loc":{"start":{"line":9,"column":29},"end":{"line":15,"column":1}},"line":9},"2":{"name":"(anonymous_2)","decl":{"start":{"line":20,"column":21},"end":{"line":20,"column":22}},"loc":{"start":{"line":20,"column":35},"end":{"line":26,"column":1}},"line":20},"3":{"name":"(anonymous_3)","decl":{"start":{"line":24,"column":35},"end":{"line":24,"column":36}},"loc":{"start":{"line":24,"column":44},"end":{"line":24,"column":65}},"line":24},"4":{"name":"(anonymous_4)","decl":{"start":{"line":28,"column":15},"end":{"line":28,"column":16}},"loc":{"start":{"line":28,"column":29},"end":{"line":32,"column":1}},"line":28},"5":{"name":"(anonymous_5)","decl":{"start":{"line":34,"column":15},"end":{"line":34,"column":16}},"loc":{"start":{"line":34,"column":29},"end":{"line":38,"column":1}},"line":34},"6":{"name":"(anonymous_6)","decl":{"start":{"line":40,"column":15},"end":{"line":40,"column":16}},"loc":{"start":{"line":40,"column":29},"end":{"line":43,"column":1}},"line":40}},"branchMap":{"0":{"loc":{"start":{"line":11,"column":2},"end":{"line":13,"column":3}},"type":"if","locations":[{"start":{"line":11,"column":2},"end":{"line":13,"column":3}},{"start":{"line":11,"column":2},"end":{"line":13,"column":3}}],"line":11}},"s":{"0":2,"1":2,"2":2,"3":0,"4":0,"5":2,"6":0,"7":0,"8":0,"9":0,"10":2,"11":0,"12":0,"13":0,"14":0,"15":0,"16":2,"17":0,"18":0,"19":0,"20":2,"21":0,"22":0,"23":0,"24":2,"25":0,"26":0,"27":2},"f":{"0":0,"1":0,"2":0,"3":0,"4":0,"5":0,"6":0},"b":{"0":[0,0]},"_coverageSchema":"1a1c01bbd47fc00a2c39e90264f33305004495a9","hash":"5c41e4ee6812caee0ca7fccc1d5616c710c8526b"}
,"/Users/fernandodelgadocasariego/Desktop/Repo Eudald backend/picturest-node/src/resources/pins/pins.router.js": {"path":"/Users/fernandodelgadocasariego/Desktop/Repo Eudald backend/picturest-node/src/resources/pins/pins.router.js","statementMap":{"0":{"start":{"line":1,"column":19},"end":{"line":1,"column":37}},"1":{"start":{"line":2,"column":23},"end":{"line":2,"column":51}},"2":{"start":{"line":3,"column":15},"end":{"line":3,"column":23}},"3":{"start":{"line":5,"column":0},"end":{"line":5,"column":73}},"4":{"start":{"line":7,"column":0},"end":{"line":11,"column":33}},"5":{"start":{"line":13,"column":0},"end":{"line":13,"column":24}}},"fnMap":{},"branchMap":{},"s":{"0":2,"1":2,"2":2,"3":2,"4":2,"5":2},"f":{},"b":{},"_coverageSchema":"1a1c01bbd47fc00a2c39e90264f33305004495a9","hash":"95ebc5924d8dd080628535f891dadbedcaa3a342"}
,"/Users/fernandodelgadocasariego/Desktop/Repo Eudald backend/picturest-node/src/resources/users/users.controller.js": {"path":"/Users/fernandodelgadocasariego/Desktop/Repo Eudald backend/picturest-node/src/resources/users/users.controller.js","statementMap":{"0":{"start":{"line":1,"column":18},"end":{"line":1,"column":42}},"1":{"start":{"line":2,"column":29},"end":{"line":2,"column":57}},"2":{"start":{"line":4,"column":15},"end":{"line":7,"column":1}},"3":{"start":{"line":5,"column":16},"end":{"line":5,"column":37}},"4":{"start":{"line":6,"column":2},"end":{"line":6,"column":37}},"5":{"start":{"line":9,"column":15},"end":{"line":16,"column":1}},"6":{"start":{"line":10,"column":15},"end":{"line":10,"column":49}},"7":{"start":{"line":11,"column":2},"end":{"line":14,"column":3}},"8":{"start":{"line":12,"column":4},"end":{"line":12,"column":30}},"9":{"start":{"line":13,"column":4},"end":{"line":13,"column":38}},"10":{"start":{"line":15,"column":2},"end":{"line":15,"column":31}},"11":{"start":{"line":18,"column":15},"end":{"line":29,"column":1}},"12":{"start":{"line":20,"column":17},"end":{"line":20,"column":38}},"13":{"start":{"line":21,"column":2},"end":{"line":24,"column":3}},"14":{"start":{"line":22,"column":4},"end":{"line":22,"column":62}},"15":{"start":{"line":23,"column":4},"end":{"line":23,"column":60}},"16":{"start":{"line":26,"column":18},"end":{"line":26,"column":26}},"17":{"start":{"line":27,"column":23},"end":{"line":27,"column":48}},"18":{"start":{"line":28,"column":2},"end":{"line":28,"column":44}},"19":{"start":{"line":31,"column":15},"end":{"line":35,"column":1}},"20":{"start":{"line":32,"column":22},"end":{"line":32,"column":30}},"21":{"start":{"line":33,"column":23},"end":{"line":33,"column":67}},"22":{"start":{"line":34,"column":2},"end":{"line":34,"column":44}},"23":{"start":{"line":37,"column":15},"end":{"line":40,"column":1}},"24":{"start":{"line":38,"column":33},"end":{"line":38,"column":64}},"25":{"start":{"line":39,"column":2},"end":{"line":39,"column":54}},"26":{"start":{"line":42,"column":0},"end":{"line":48,"column":2}}},"fnMap":{"0":{"name":"(anonymous_0)","decl":{"start":{"line":4,"column":15},"end":{"line":4,"column":16}},"loc":{"start":{"line":4,"column":35},"end":{"line":7,"column":1}},"line":4},"1":{"name":"(anonymous_1)","decl":{"start":{"line":9,"column":15},"end":{"line":9,"column":16}},"loc":{"start":{"line":9,"column":35},"end":{"line":16,"column":1}},"line":9},"2":{"name":"(anonymous_2)","decl":{"start":{"line":18,"column":15},"end":{"line":18,"column":16}},"loc":{"start":{"line":18,"column":29},"end":{"line":29,"column":1}},"line":18},"3":{"name":"(anonymous_3)","decl":{"start":{"line":31,"column":15},"end":{"line":31,"column":16}},"loc":{"start":{"line":31,"column":29},"end":{"line":35,"column":1}},"line":31},"4":{"name":"(anonymous_4)","decl":{"start":{"line":37,"column":15},"end":{"line":37,"column":16}},"loc":{"start":{"line":37,"column":29},"end":{"line":40,"column":1}},"line":37}},"branchMap":{"0":{"loc":{"start":{"line":11,"column":2},"end":{"line":14,"column":3}},"type":"if","locations":[{"start":{"line":11,"column":2},"end":{"line":14,"column":3}},{"start":{"line":11,"column":2},"end":{"line":14,"column":3}}],"line":11},"1":{"loc":{"start":{"line":21,"column":2},"end":{"line":24,"column":3}},"type":"if","locations":[{"start":{"line":21,"column":2},"end":{"line":24,"column":3}},{"start":{"line":21,"column":2},"end":{"line":24,"column":3}}],"line":21}},"s":{"0":2,"1":2,"2":2,"3":1,"4":1,"5":2,"6":0,"7":0,"8":0,"9":0,"10":0,"11":2,"12":6,"13":6,"14":2,"15":2,"16":4,"17":4,"18":4,"19":2,"20":0,"21":0,"22":0,"23":2,"24":0,"25":0,"26":2},"f":{"0":1,"1":0,"2":6,"3":0,"4":0},"b":{"0":[0,0],"1":[2,4]},"_coverageSchema":"1a1c01bbd47fc00a2c39e90264f33305004495a9","hash":"10a35b691875f264d745a9cadf9df75705042ee5"}
,"/Users/fernandodelgadocasariego/Desktop/Repo Eudald backend/picturest-node/src/resources/users/users.model.js": {"path":"/Users/fernandodelgadocasariego/Desktop/Repo Eudald backend/picturest-node/src/resources/users/users.model.js","statementMap":{"0":{"start":{"line":1,"column":17},"end":{"line":1,"column":36}},"1":{"start":{"line":4,"column":24},"end":{"line":13,"column":2}},"2":{"start":{"line":16,"column":13},"end":{"line":16,"column":58}},"3":{"start":{"line":18,"column":15},"end":{"line":27,"column":1}},"4":{"start":{"line":19,"column":2},"end":{"line":26,"column":5}},"5":{"start":{"line":20,"column":4},"end":{"line":25,"column":5}},"6":{"start":{"line":21,"column":6},"end":{"line":21,"column":22}},"7":{"start":{"line":24,"column":6},"end":{"line":24,"column":43}},"8":{"start":{"line":29,"column":12},"end":{"line":32,"column":1}},"9":{"start":{"line":30,"column":14},"end":{"line":30,"column":26}},"10":{"start":{"line":31,"column":2},"end":{"line":31,"column":35}},"11":{"start":{"line":34,"column":12},"end":{"line":36,"column":1}},"12":{"start":{"line":35,"column":2},"end":{"line":35,"column":27}},"13":{"start":{"line":38,"column":15},"end":{"line":50,"column":1}},"14":{"start":{"line":39,"column":14},"end":{"line":39,"column":26}},"15":{"start":{"line":40,"column":2},"end":{"line":49,"column":5}},"16":{"start":{"line":43,"column":6},"end":{"line":48,"column":7}},"17":{"start":{"line":44,"column":8},"end":{"line":44,"column":24}},"18":{"start":{"line":47,"column":8},"end":{"line":47,"column":44}},"19":{"start":{"line":52,"column":15},"end":{"line":65,"column":1}},"20":{"start":{"line":53,"column":14},"end":{"line":53,"column":26}},"21":{"start":{"line":54,"column":2},"end":{"line":64,"column":5}},"22":{"start":{"line":58,"column":6},"end":{"line":63,"column":7}},"23":{"start":{"line":59,"column":8},"end":{"line":59,"column":24}},"24":{"start":{"line":62,"column":8},"end":{"line":62,"column":45}},"25":{"start":{"line":67,"column":0},"end":{"line":73,"column":4}}},"fnMap":{"0":{"name":"(anonymous_0)","decl":{"start":{"line":18,"column":15},"end":{"line":18,"column":16}},"loc":{"start":{"line":18,"column":25},"end":{"line":27,"column":1}},"line":18},"1":{"name":"(anonymous_1)","decl":{"start":{"line":19,"column":20},"end":{"line":19,"column":21}},"loc":{"start":{"line":19,"column":41},"end":{"line":26,"column":3}},"line":19},"2":{"name":"(anonymous_2)","decl":{"start":{"line":29,"column":12},"end":{"line":29,"column":13}},"loc":{"start":{"line":29,"column":26},"end":{"line":32,"column":1}},"line":29},"3":{"name":"(anonymous_3)","decl":{"start":{"line":34,"column":12},"end":{"line":34,"column":13}},"loc":{"start":{"line":34,"column":23},"end":{"line":36,"column":1}},"line":34},"4":{"name":"(anonymous_4)","decl":{"start":{"line":38,"column":15},"end":{"line":38,"column":16}},"loc":{"start":{"line":38,"column":23},"end":{"line":50,"column":1}},"line":38},"5":{"name":"(anonymous_5)","decl":{"start":{"line":42,"column":4},"end":{"line":42,"column":5}},"loc":{"start":{"line":42,"column":25},"end":{"line":49,"column":3}},"line":42},"6":{"name":"(anonymous_6)","decl":{"start":{"line":52,"column":15},"end":{"line":52,"column":16}},"loc":{"start":{"line":52,"column":36},"end":{"line":65,"column":1}},"line":52},"7":{"name":"(anonymous_7)","decl":{"start":{"line":57,"column":4},"end":{"line":57,"column":5}},"loc":{"start":{"line":57,"column":25},"end":{"line":64,"column":3}},"line":57}},"branchMap":{"0":{"loc":{"start":{"line":20,"column":4},"end":{"line":25,"column":5}},"type":"if","locations":[{"start":{"line":20,"column":4},"end":{"line":25,"column":5}},{"start":{"line":20,"column":4},"end":{"line":25,"column":5}}],"line":20},"1":{"loc":{"start":{"line":43,"column":6},"end":{"line":48,"column":7}},"type":"if","locations":[{"start":{"line":43,"column":6},"end":{"line":48,"column":7}},{"start":{"line":43,"column":6},"end":{"line":48,"column":7}}],"line":43},"2":{"loc":{"start":{"line":58,"column":6},"end":{"line":63,"column":7}},"type":"if","locations":[{"start":{"line":58,"column":6},"end":{"line":63,"column":7}},{"start":{"line":58,"column":6},"end":{"line":63,"column":7}}],"line":58}},"s":{"0":2,"1":2,"2":2,"3":2,"4":4,"5":4,"6":0,"7":4,"8":2,"9":0,"10":0,"11":2,"12":1,"13":2,"14":0,"15":0,"16":0,"17":0,"18":0,"19":2,"20":0,"21":0,"22":0,"23":0,"24":0,"25":2},"f":{"0":4,"1":4,"2":0,"3":1,"4":0,"5":0,"6":0,"7":0},"b":{"0":[0,4],"1":[0,0],"2":[0,0]},"_coverageSchema":"1a1c01bbd47fc00a2c39e90264f33305004495a9","hash":"e3158a2c18cee64c048be5bb4e5f046d58f84449"}
,"/Users/fernandodelgadocasariego/Desktop/Repo Eudald backend/picturest-node/src/resources/users/users.router.js": {"path":"/Users/fernandodelgadocasariego/Desktop/Repo Eudald backend/picturest-node/src/resources/users/users.router.js","statementMap":{"0":{"start":{"line":1,"column":19},"end":{"line":1,"column":37}},"1":{"start":{"line":2,"column":25},"end":{"line":2,"column":63}},"2":{"start":{"line":3,"column":23},"end":{"line":3,"column":57}},"3":{"start":{"line":4,"column":24},"end":{"line":4,"column":53}},"4":{"start":{"line":5,"column":15},"end":{"line":5,"column":23}},"5":{"start":{"line":6,"column":17},"end":{"line":6,"column":45}},"6":{"start":{"line":8,"column":0},"end":{"line":13,"column":26}},"7":{"start":{"line":14,"column":0},"end":{"line":18,"column":34}},"8":{"start":{"line":20,"column":0},"end":{"line":20,"column":67}},"9":{"start":{"line":21,"column":0},"end":{"line":21,"column":63}},"10":{"start":{"line":23,"column":0},"end":{"line":23,"column":24}}},"fnMap":{},"branchMap":{},"s":{"0":2,"1":2,"2":2,"3":2,"4":2,"5":2,"6":2,"7":2,"8":2,"9":2,"10":2},"f":{},"b":{},"_coverageSchema":"1a1c01bbd47fc00a2c39e90264f33305004495a9","hash":"8bc3845d7524e7d25d462f2e0136bc5c19af85ca"}
,"/Users/fernandodelgadocasariego/Desktop/Repo Eudald backend/picturest-node/src/utils/persimon.js": {"path":"/Users/fernandodelgadocasariego/Desktop/Repo Eudald backend/picturest-node/src/utils/persimon.js","statementMap":{"0":{"start":{"line":5,"column":11},"end":{"line":5,"column":24}},"1":{"start":{"line":7,"column":20},"end":{"line":10,"column":1}},"2":{"start":{"line":8,"column":19},"end":{"line":8,"column":46}},"3":{"start":{"line":9,"column":2},"end":{"line":9,"column":18}},"4":{"start":{"line":12,"column":19},"end":{"line":15,"column":1}},"5":{"start":{"line":13,"column":30},"end":{"line":13,"column":57}},"6":{"start":{"line":14,"column":2},"end":{"line":14,"column":60}},"7":{"start":{"line":17,"column":17},"end":{"line":62,"column":1}},"8":{"start":{"line":18,"column":2},"end":{"line":61,"column":4}},"9":{"start":{"line":20,"column":6},"end":{"line":20,"column":72}},"10":{"start":{"line":20,"column":45},"end":{"line":20,"column":71}},"11":{"start":{"line":21,"column":15},"end":{"line":21,"column":36}},"12":{"start":{"line":23,"column":23},"end":{"line":23,"column":44}},"13":{"start":{"line":25,"column":31},"end":{"line":31,"column":8}},"14":{"start":{"line":26,"column":8},"end":{"line":29,"column":9}},"15":{"start":{"line":27,"column":10},"end":{"line":27,"column":34}},"16":{"start":{"line":28,"column":10},"end":{"line":28,"column":23}},"17":{"start":{"line":30,"column":8},"end":{"line":30,"column":20}},"18":{"start":{"line":32,"column":6},"end":{"line":34,"column":7}},"19":{"start":{"line":33,"column":8},"end":{"line":33,"column":24}},"20":{"start":{"line":35,"column":6},"end":{"line":39,"column":9}},"21":{"start":{"line":40,"column":6},"end":{"line":40,"column":45}},"22":{"start":{"line":41,"column":6},"end":{"line":41,"column":30}},"23":{"start":{"line":44,"column":23},"end":{"line":44,"column":44}},"24":{"start":{"line":45,"column":18},"end":{"line":45,"column":53}},"25":{"start":{"line":45,"column":43},"end":{"line":45,"column":52}},"26":{"start":{"line":46,"column":6},"end":{"line":46,"column":64}},"27":{"start":{"line":47,"column":6},"end":{"line":47,"column":37}},"28":{"start":{"line":48,"column":6},"end":{"line":48,"column":22}},"29":{"start":{"line":51,"column":23},"end":{"line":51,"column":44}},"30":{"start":{"line":52,"column":31},"end":{"line":54,"column":7}},"31":{"start":{"line":53,"column":20},"end":{"line":53,"column":46}},"32":{"start":{"line":55,"column":6},"end":{"line":57,"column":7}},"33":{"start":{"line":56,"column":8},"end":{"line":56,"column":24}},"34":{"start":{"line":58,"column":6},"end":{"line":58,"column":45}},"35":{"start":{"line":59,"column":6},"end":{"line":59,"column":30}},"36":{"start":{"line":64,"column":0},"end":{"line":64,"column":26}}},"fnMap":{"0":{"name":"(anonymous_0)","decl":{"start":{"line":7,"column":20},"end":{"line":7,"column":21}},"loc":{"start":{"line":7,"column":34},"end":{"line":10,"column":1}},"line":7},"1":{"name":"(anonymous_1)","decl":{"start":{"line":12,"column":19},"end":{"line":12,"column":20}},"loc":{"start":{"line":12,"column":46},"end":{"line":15,"column":1}},"line":12},"2":{"name":"(anonymous_2)","decl":{"start":{"line":17,"column":17},"end":{"line":17,"column":18}},"loc":{"start":{"line":17,"column":31},"end":{"line":62,"column":1}},"line":17},"3":{"name":"(anonymous_3)","decl":{"start":{"line":19,"column":9},"end":{"line":19,"column":10}},"loc":{"start":{"line":20,"column":6},"end":{"line":20,"column":72}},"line":20},"4":{"name":"(anonymous_4)","decl":{"start":{"line":20,"column":33},"end":{"line":20,"column":34}},"loc":{"start":{"line":20,"column":45},"end":{"line":20,"column":71}},"line":20},"5":{"name":"(anonymous_5)","decl":{"start":{"line":21,"column":9},"end":{"line":21,"column":10}},"loc":{"start":{"line":21,"column":15},"end":{"line":21,"column":36}},"line":21},"6":{"name":"(anonymous_6)","decl":{"start":{"line":22,"column":12},"end":{"line":22,"column":13}},"loc":{"start":{"line":22,"column":34},"end":{"line":42,"column":5}},"line":22},"7":{"name":"(anonymous_7)","decl":{"start":{"line":25,"column":47},"end":{"line":25,"column":48}},"loc":{"start":{"line":25,"column":59},"end":{"line":31,"column":7}},"line":25},"8":{"name":"(anonymous_8)","decl":{"start":{"line":43,"column":12},"end":{"line":43,"column":13}},"loc":{"start":{"line":43,"column":27},"end":{"line":49,"column":5}},"line":43},"9":{"name":"(anonymous_9)","decl":{"start":{"line":45,"column":31},"end":{"line":45,"column":32}},"loc":{"start":{"line":45,"column":43},"end":{"line":45,"column":52}},"line":45},"10":{"name":"(anonymous_10)","decl":{"start":{"line":50,"column":12},"end":{"line":50,"column":13}},"loc":{"start":{"line":50,"column":20},"end":{"line":60,"column":5}},"line":50},"11":{"name":"(anonymous_11)","decl":{"start":{"line":53,"column":8},"end":{"line":53,"column":9}},"loc":{"start":{"line":53,"column":20},"end":{"line":53,"column":46}},"line":53}},"branchMap":{"0":{"loc":{"start":{"line":26,"column":8},"end":{"line":29,"column":9}},"type":"if","locations":[{"start":{"line":26,"column":8},"end":{"line":29,"column":9}},{"start":{"line":26,"column":8},"end":{"line":29,"column":9}}],"line":26},"1":{"loc":{"start":{"line":32,"column":6},"end":{"line":34,"column":7}},"type":"if","locations":[{"start":{"line":32,"column":6},"end":{"line":34,"column":7}},{"start":{"line":32,"column":6},"end":{"line":34,"column":7}}],"line":32},"2":{"loc":{"start":{"line":55,"column":6},"end":{"line":57,"column":7}},"type":"if","locations":[{"start":{"line":55,"column":6},"end":{"line":57,"column":7}},{"start":{"line":55,"column":6},"end":{"line":57,"column":7}}],"line":55}},"s":{"0":2,"1":2,"2":2,"3":0,"4":2,"5":0,"6":0,"7":2,"8":8,"9":0,"10":0,"11":2,"12":0,"13":0,"14":0,"15":0,"16":0,"17":0,"18":0,"19":0,"20":0,"21":0,"22":0,"23":0,"24":0,"25":0,"26":0,"27":0,"28":0,"29":0,"30":0,"31":0,"32":0,"33":0,"34":0,"35":0,"36":2},"f":{"0":2,"1":0,"2":8,"3":0,"4":0,"5":2,"6":0,"7":0,"8":0,"9":0,"10":0,"11":0},"b":{"0":[0,0],"1":[0,0],"2":[0,0]},"_coverageSchema":"1a1c01bbd47fc00a2c39e90264f33305004495a9","hash":"f3f2145d30d72b361b2709041de71c36cbb9db31"}
,"/Users/fernandodelgadocasariego/Desktop/Repo Eudald backend/picturest-node/test/test.setup.js": {"path":"/Users/fernandodelgadocasariego/Desktop/Repo Eudald backend/picturest-node/test/test.setup.js","statementMap":{"0":{"start":{"line":1,"column":17},"end":{"line":1,"column":36}},"1":{"start":{"line":2,"column":0},"end":{"line":2,"column":37}},"2":{"start":{"line":3,"column":0},"end":{"line":3,"column":34}},"3":{"start":{"line":6,"column":22},"end":{"line":6,"column":66}},"4":{"start":{"line":7,"column":2},"end":{"line":10,"column":3}},"5":{"start":{"line":8,"column":23},"end":{"line":8,"column":70}},"6":{"start":{"line":9,"column":4},"end":{"line":9,"column":34}},"7":{"start":{"line":14,"column":22},"end":{"line":14,"column":66}},"8":{"start":{"line":15,"column":2},"end":{"line":28,"column":3}},"9":{"start":{"line":16,"column":23},"end":{"line":16,"column":70}},"10":{"start":{"line":17,"column":4},"end":{"line":27,"column":5}},"11":{"start":{"line":18,"column":6},"end":{"line":18,"column":30}},"12":{"start":{"line":21,"column":6},"end":{"line":21,"column":51}},"13":{"start":{"line":21,"column":44},"end":{"line":21,"column":51}},"14":{"start":{"line":24,"column":6},"end":{"line":25,"column":15}},"15":{"start":{"line":25,"column":8},"end":{"line":25,"column":15}},"16":{"start":{"line":26,"column":6},"end":{"line":26,"column":33}},"17":{"start":{"line":31,"column":0},"end":{"line":50,"column":2}},"18":{"start":{"line":34,"column":4},"end":{"line":37,"column":7}},"19":{"start":{"line":35,"column":18},"end":{"line":35,"column":79}},"20":{"start":{"line":36,"column":6},"end":{"line":36,"column":61}},"21":{"start":{"line":40,"column":4},"end":{"line":42,"column":7}},"22":{"start":{"line":41,"column":6},"end":{"line":41,"column":35}},"23":{"start":{"line":45,"column":4},"end":{"line":48,"column":7}},"24":{"start":{"line":46,"column":6},"end":{"line":46,"column":33}},"25":{"start":{"line":47,"column":6},"end":{"line":47,"column":40}}},"fnMap":{"0":{"name":"removeAllCollections","decl":{"start":{"line":5,"column":15},"end":{"line":5,"column":35}},"loc":{"start":{"line":5,"column":38},"end":{"line":11,"column":1}},"line":5},"1":{"name":"dropAllCollections","decl":{"start":{"line":13,"column":15},"end":{"line":13,"column":33}},"loc":{"start":{"line":13,"column":36},"end":{"line":29,"column":1}},"line":13},"2":{"name":"(anonymous_2)","decl":{"start":{"line":32,"column":2},"end":{"line":32,"column":3}},"loc":{"start":{"line":32,"column":27},"end":{"line":49,"column":3}},"line":32},"3":{"name":"(anonymous_3)","decl":{"start":{"line":34,"column":14},"end":{"line":34,"column":15}},"loc":{"start":{"line":34,"column":26},"end":{"line":37,"column":5}},"line":34},"4":{"name":"(anonymous_4)","decl":{"start":{"line":40,"column":14},"end":{"line":40,"column":15}},"loc":{"start":{"line":40,"column":26},"end":{"line":42,"column":5}},"line":40},"5":{"name":"(anonymous_5)","decl":{"start":{"line":45,"column":13},"end":{"line":45,"column":14}},"loc":{"start":{"line":45,"column":25},"end":{"line":48,"column":5}},"line":45}},"branchMap":{"0":{"loc":{"start":{"line":21,"column":6},"end":{"line":21,"column":51}},"type":"if","locations":[{"start":{"line":21,"column":6},"end":{"line":21,"column":51}},{"start":{"line":21,"column":6},"end":{"line":21,"column":51}}],"line":21},"1":{"loc":{"start":{"line":24,"column":6},"end":{"line":25,"column":15}},"type":"if","locations":[{"start":{"line":24,"column":6},"end":{"line":25,"column":15}},{"start":{"line":24,"column":6},"end":{"line":25,"column":15}}],"line":24}},"s":{"0":2,"1":2,"2":2,"3":8,"4":8,"5":8,"6":8,"7":2,"8":2,"9":2,"10":2,"11":2,"12":1,"13":1,"14":0,"15":0,"16":0,"17":2,"18":2,"19":2,"20":2,"21":2,"22":8,"23":2,"24":2,"25":2},"f":{"0":8,"1":2,"2":2,"3":2,"4":8,"5":2},"b":{"0":[1,0],"1":[0,0]},"_coverageSchema":"1a1c01bbd47fc00a2c39e90264f33305004495a9","hash":"865d849fcff8703fbe986ed8aab2576e98401b2f"}
}
